COM MUX:
k 0,8977485982549821
tao 4,059706124573887
theta

SEM MUX:
k 1,0006205373579655
tao 14,0592388681845
theta


1.9,0.00,0.0
1.9,0.00,0.0
1.9,0.00,0.0
1.9,0.00,0.0
1.9,0.00,0.0
2.0,0.00,0.0
2.0,0.00,0.0
2.0,0.00,0.0
2.0,0.00,0.0
2.0,0.00,0.0
2.1,0.00,0.0
2.1,0.00,0.0
2.1,0.00,0.0
2.1,0.00,0.0
2.1,0.00,0.0
2.2,0.00,0.0
2.2,0.00,0.0
2.2,0.00,0.0
2.2,0.00,0.0
2.2,0.00,0.0
2.3,0.00,0.0
2.3,0.00,0.0
2.3,0.00,0.0
2.3,0.00,0.0
2.3,0.00,0.0
2.4,0.00,0.0
2.4,0.00,0.0
2.4,0.00,0.0
2.4,0.00,0.0
2.4,0.00,0.0
2.5,0.00,0.0
2.5,0.00,0.0
2.5,0.00,0.0
2.5,0.00,0.0
2.5,0.00,0.0
2.6,0.00,0.0
2.6,0.00,0.0
2.6,0.00,0.0
2.6,0.00,0.0
2.6,0.00,0.0
2.7,0.00,0.0
2.7,0.00,0.0
2.7,0.00,0.0
2.7,0.00,0.0
2.7,0.00,0.0
2.8,0.00,0.0
2.8,0.00,0.0
2.8,0.00,0.0
2.8,0.00,0.0
2.8,0.00,0.0
2.9,0.00,0.0
2.9,0.00,0.0
2.9,0.00,0.0
2.9,0.00,0.0
2.9,0.00,0.0
3.0,0.00,0.0
3.0,0.00,0.0
3.0,0.00,0.0
3.0,0.00,0.0
3.0,0.00,0.0
3.1,0.00,0.0
3.1,0.00,0.0
3.1,0.00,0.0
3.1,0.00,0.0
3.1,0.00,0.0
3.2,0.00,0.0
3.2,0.00,0.0
3.2,0.00,0.0
3.2,0.00,0.0
3.2,0.00,0.0
3.3,0.00,0.0
3.3,0.00,0.0
3.3,0.00,0.0
3.3,0.00,0.0
3.3,0.00,0.0
3.4,0.00,0.0
3.4,0.00,0.0
3.4,0.00,0.0
3.4,0.00,0.0
3.4,0.00,0.0
3.5,0.00,0.0
3.5,0.00,0.0
3.5,0.00,0.0
3.5,0.00,0.0
3.5,0.00,0.0
3.6,0.00,0.0
3.6,0.00,0.0
3.6,0.00,0.0
3.6,0.00,0.0
3.6,0.00,0.0
3.7,0.00,0.0
3.7,0.00,0.0
3.7,0.00,0.0
3.7,0.00,0.0
3.7,0.00,0.0
3.8,0.00,0.0
3.8,0.00,0.0
3.8,0.00,0.0
3.8,0.00,0.0
3.8,0.00,0.0
3.9,0.00,0.0
3.9,0.00,0.0
3.9,0.00,0.0
3.9,0.00,0.0
3.9,0.00,0.0
4.0,0.00,0.0
4.0,0.00,0.0
4.0,0.00,0.0
4.0,0.00,0.0
4.0,0.00,0.0
4.1,0.00,0.0
4.1,0.00,0.0
4.1,0.00,0.0
4.1,0.00,0.0
4.1,0.00,0.0
4.2,0.00,0.0
4.2,0.00,0.0
4.2,0.00,0.0
4.2,0.00,0.0
4.2,0.00,0.0
4.3,0.00,0.0
4.3,0.00,0.0
4.3,0.00,0.0
4.3,0.00,0.0
4.3,0.00,0.0
4.4,0.00,0.0
4.4,0.00,0.0
4.4,0.00,0.0
4.4,0.00,0.0
4.4,0.00,0.0
4.5,0.00,0.0
4.5,0.00,0.0
4.5,0.00,0.0
4.5,0.00,0.0
4.5,0.00,0.0
4.6,0.00,0.0
4.6,0.00,0.0
4.6,0.00,0.0
4.6,0.00,0.0
4.6,0.00,0.0
4.7,0.00,0.0
4.7,0.00,0.0
4.7,0.00,0.0
4.7,0.00,0.0
4.7,0.00,0.0
4.8,0.00,0.0
4.8,0.00,0.0
4.8,0.00,0.0
4.8,0.00,0.0
4.8,0.00,0.0
4.9,0.00,0.0
4.9,0.00,0.0
4.9,0.00,0.0
4.9,0.00,0.0
4.9,0.00,0.0
5.0,0.00,0.0
5.0,0.00,0.0
5.0,0.00,0.0
5.0,0.00,0.0
5.0,3.30,2.1
5.1,3.30,2.1
5.1,3.30,2.1
5.1,3.30,2.1
5.1,3.30,2.1
5.1,3.30,2.1
5.2,3.30,2.1
5.2,3.30,2.1
5.2,3.30,2.1
5.2,3.30,2.1
5.2,3.30,2.1
5.3,3.30,2.1
5.3,3.30,2.1
5.3,3.30,2.1
5.3,3.30,2.1
5.3,3.30,2.1
5.4,3.30,2.1
5.4,3.30,2.1
5.4,3.30,2.1
5.4,3.30,2.1
5.4,3.30,2.1
5.5,3.30,2.1
5.5,3.30,2.1
5.5,3.30,2.1
5.5,3.30,2.1
5.5,3.30,2.1
5.6,3.30,2.1
5.6,3.30,2.1
5.6,3.30,2.1
5.6,3.30,2.1
5.6,3.30,2.1
5.7,3.30,2.1
5.7,3.30,2.1
5.7,3.30,2.1
5.7,3.30,2.1
5.7,3.30,2.1
5.8,3.30,2.1
5.8,3.30,2.1
5.8,3.30,2.1
5.8,3.30,2.2
5.8,3.30,2.2
5.9,3.30,2.1
5.9,3.30,2.2
5.9,3.30,2.2
5.9,3.30,2.2
5.9,3.30,2.2
6.0,3.30,2.2
6.0,3.30,2.2
6.0,3.30,2.2
6.0,3.30,2.2
6.0,3.30,2.2
6.1,3.30,2.2
6.1,3.30,2.2
6.1,3.30,2.2
6.1,3.30,2.2
6.1,3.30,2.2
6.2,3.30,2.2
6.2,3.30,2.2
6.2,3.30,2.2
6.2,3.30,2.2
6.2,3.30,2.2
6.3,3.30,2.2
6.3,3.30,2.2
6.3,3.30,2.2
6.3,3.30,2.2
6.3,3.30,2.2
6.4,3.30,2.2
6.4,3.30,2.2
6.4,3.30,2.2
6.4,3.30,2.2
6.4,3.30,2.2
6.5,3.30,2.2
6.5,3.30,2.2
6.5,3.30,2.2
6.5,3.30,2.2
6.5,3.30,2.2
6.6,3.30,2.2
6.6,3.30,2.2
6.6,3.30,2.2
6.6,3.30,2.2
6.6,3.30,2.2
6.7,3.30,2.2
6.7,3.30,2.2
6.7,3.30,2.2
6.7,3.30,2.2
6.7,3.30,2.2
6.8,3.30,2.2
6.8,3.30,2.2
6.8,3.30,2.2
6.8,3.30,2.2
6.8,3.30,2.2
6.9,3.30,2.2
6.9,3.30,2.2
6.9,3.30,2.2
6.9,3.30,2.2
6.9,3.30,2.2
7.0,3.30,2.2
7.0,3.30,2.2
7.0,3.30,2.2
7.0,3.30,2.2
7.0,3.30,2.2
7.1,3.30,2.3
7.1,3.30,2.2
7.1,3.30,2.3
7.1,3.30,2.2
7.1,3.30,2.2
7.2,3.30,2.3
7.2,3.30,2.3
7.2,3.30,2.3
7.2,3.30,2.3
7.2,3.30,2.3
7.3,3.30,2.3
7.3,3.30,2.3
7.3,3.30,2.3
7.3,3.30,2.3
7.3,3.30,2.3
7.4,3.30,2.3
7.4,3.30,2.3
7.4,3.30,2.3
7.4,3.30,2.3
7.4,3.30,2.3
7.5,3.30,2.3
7.5,3.30,2.3
7.5,3.30,2.3
7.5,3.30,2.3
7.5,3.30,2.3
7.6,3.30,2.3
7.6,3.30,2.3
7.6,3.30,2.3
7.6,3.30,2.3
7.6,3.30,2.3
7.7,3.30,2.3
7.7,3.30,2.3
7.7,3.30,2.3
7.7,3.30,2.3
7.7,3.30,2.3
7.8,3.30,2.3
7.8,3.30,2.3
7.8,3.30,2.3
7.8,3.30,2.3
7.8,3.30,2.3
7.9,3.30,2.3
7.9,3.30,2.3
7.9,3.30,2.3
7.9,3.30,2.3
7.9,3.30,2.3
8.0,3.30,2.3
8.0,3.30,2.3
8.0,3.30,2.3
8.0,3.30,2.3
8.0,3.30,2.3
8.1,3.30,2.3
8.1,3.30,2.3
8.1,3.30,2.3
8.1,3.30,2.3
8.1,3.30,2.3
8.2,3.30,2.3
8.2,3.30,2.3
8.2,3.30,2.3
8.2,3.30,2.3
8.2,3.30,2.3
8.3,3.30,2.3
8.3,3.30,2.3
8.3,3.30,2.3
8.3,3.30,2.3
8.3,3.30,2.3
8.4,3.30,2.3
8.4,3.30,2.3
8.4,3.30,2.3
8.4,3.30,2.3
8.4,3.30,2.4
8.5,3.30,2.3
8.5,3.30,2.3
8.5,3.30,2.3
8.5,3.30,2.4
8.5,3.30,2.3
8.6,3.30,2.3
8.6,3.30,2.4
8.6,3.30,2.4
8.6,3.30,2.4
8.6,3.30,2.4
8.7,3.30,2.4
8.7,3.30,2.4
8.7,3.30,2.4
8.7,3.30,2.4
8.7,3.30,2.4
8.8,3.30,2.4
8.8,3.30,2.4
8.8,3.30,2.4
8.8,3.30,2.4
8.8,3.30,2.4
8.9,3.30,2.4
8.9,3.30,2.4
8.9,3.30,2.4
8.9,3.30,2.4
8.9,3.30,2.4
9.0,3.30,2.4
9.0,3.30,2.4
9.0,3.30,2.4
9.0,3.30,2.4
9.0,3.30,2.4
9.1,3.30,2.4
9.1,3.30,2.4
9.1,3.30,2.4
9.1,3.30,2.4
9.1,3.30,2.4
9.2,3.30,2.4
9.2,3.30,2.4
9.2,3.30,2.4
9.2,3.30,2.4
9.2,3.30,2.4
9.3,3.30,2.4
9.3,3.30,2.4
9.3,3.30,2.4
9.3,3.30,2.4
9.3,3.30,2.4
9.4,3.30,2.4
9.4,3.30,2.4
9.4,3.30,2.4
9.4,3.30,2.4
9.4,3.30,2.4
9.5,3.30,2.4
9.5,3.30,2.4
9.5,3.30,2.4
9.5,3.30,2.4
9.5,3.30,2.4
9.6,3.30,2.4
9.6,3.30,2.4
9.6,3.30,2.4
9.6,3.30,2.4
9.6,3.30,2.4
9.7,3.30,2.4
9.7,3.30,2.4
9.7,3.30,2.4
9.7,3.30,2.4
9.7,3.30,2.4
9.8,3.30,2.4
9.8,3.30,2.4
9.8,3.30,2.4
9.8,3.30,2.4
9.8,3.30,2.4
9.9,3.30,2.4
9.9,3.30,2.4
9.9,3.30,2.4
9.9,3.30,2.4
9.9,3.30,2.4
10.0,3.30,2.4
10.0,3.30,2.4
10.0,3.30,2.4
10.0,3.30,2.4
10.0,3.30,2.4
10.1,3.30,2.4
10.1,3.30,2.4
10.1,3.30,2.4
10.1,3.30,2.4
10.1,3.30,2.4
10.2,3.30,2.4
10.2,3.30,2.5
10.2,3.30,2.5
10.2,3.30,2.5
10.2,3.30,2.5
10.3,3.30,2.5
10.3,3.30,2.5
10.3,3.30,2.5
10.3,3.30,2.5
10.3,3.30,2.5
10.4,3.30,2.5
10.4,3.30,2.5
10.4,3.30,2.5
10.4,3.30,2.5
10.4,3.30,2.5
10.5,3.30,2.5
10.5,3.30,2.5
10.5,3.30,2.5
10.5,3.30,2.5
10.5,3.30,2.5
10.6,3.30,2.5
10.6,3.30,2.5
10.6,3.30,2.5
10.6,3.30,2.5
10.6,3.30,2.5
10.7,3.30,2.5
10.7,3.30,2.5
10.7,3.30,2.5
10.7,3.30,2.5
10.7,3.30,2.5
10.8,3.30,2.5
10.8,3.30,2.5
10.8,3.30,2.5
10.8,3.30,2.5
10.8,3.30,2.5
10.9,3.30,2.5
10.9,3.30,2.5
10.9,3.30,2.5
10.9,3.30,2.5
10.9,3.30,2.5
11.0,3.30,2.5
11.0,3.30,2.5
11.0,3.30,2.5
11.0,3.30,2.5
11.0,3.30,2.5
11.1,3.30,2.5
11.1,3.30,2.5
11.1,3.30,2.5
11.1,3.30,2.5
11.1,3.30,2.5
11.2,3.30,2.5
11.2,3.30,2.5
11.2,3.30,2.5
11.2,3.30,2.5
11.2,3.30,2.5
11.3,3.30,2.5
11.3,3.30,2.5
11.3,3.30,2.5
11.3,3.30,2.5
11.3,3.30,2.5
11.4,3.30,2.5
11.4,3.30,2.5
11.4,3.30,2.5
11.4,3.30,2.5
11.4,3.30,2.5
11.5,3.30,2.5
11.5,3.30,2.5
11.5,3.30,2.5
11.5,3.30,2.5
11.5,3.30,2.5
11.6,3.30,2.5
11.6,3.30,2.5
11.6,3.30,2.5
11.6,3.30,2.5
11.6,3.30,2.5
11.7,3.30,2.5
11.7,3.30,2.5
11.7,3.30,2.5
11.7,3.30,2.5
11.7,3.30,2.5
11.8,3.30,2.5
11.8,3.30,2.5
11.8,3.30,2.5
11.8,3.30,2.5
11.8,3.30,2.5
11.9,3.30,2.5
11.9,3.30,2.5
11.9,3.30,2.6
11.9,3.30,2.6
11.9,3.30,2.5
12.0,3.30,2.6
12.0,3.30,2.6
12.0,3.30,2.6
12.0,3.30,2.6
12.0,3.30,2.6
12.1,3.30,2.6
12.1,3.30,2.6
12.1,3.30,2.6
12.1,3.30,2.6
12.1,3.30,2.6
12.2,3.30,2.6
12.2,3.30,2.6
12.2,3.30,2.6
12.2,3.30,2.6
12.2,3.30,2.6
12.3,3.30,2.6
12.3,3.30,2.6
12.3,3.30,2.6
12.3,3.30,2.6
12.3,3.30,2.6
12.4,3.30,2.6
12.4,3.30,2.6
12.4,3.30,2.6
12.4,3.30,2.6
12.4,3.30,2.6
12.5,3.30,2.6
12.5,3.30,2.6
12.5,3.30,2.6
12.5,3.30,2.6
12.5,3.30,2.6
12.6,3.30,2.6
12.6,3.30,2.6
12.6,3.30,2.6
12.6,3.30,2.6
12.6,3.30,2.6
12.7,3.30,2.6
12.7,3.30,2.6
12.7,3.30,2.6
12.7,3.30,2.6
12.7,3.30,2.6
12.8,3.30,2.6
12.8,3.30,2.6
12.8,3.30,2.6
12.8,3.30,2.6
12.8,3.30,2.6
12.9,3.30,2.6
12.9,3.30,2.6
12.9,3.30,2.6
12.9,3.30,2.6
12.9,3.30,2.6
13.0,3.30,2.6
13.0,3.30,2.6
13.0,3.30,2.6
13.0,3.30,2.6
13.0,3.30,2.6
13.1,3.30,2.6
13.1,3.30,2.6
13.1,3.30,2.6
13.1,3.30,2.6
13.1,3.30,2.6
13.2,3.30,2.6
13.2,3.30,2.6
13.2,3.30,2.6
13.2,3.30,2.6
13.2,3.30,2.6
13.3,3.30,2.6
13.3,3.30,2.6
13.3,3.30,2.6
13.3,3.30,2.6
13.3,3.30,2.6
13.4,3.30,2.6
13.4,3.30,2.6
13.4,3.30,2.6
13.4,3.30,2.6
13.4,3.30,2.6
13.5,3.30,2.6
13.5,3.30,2.6
13.5,3.30,2.6
13.5,3.30,2.6
13.5,3.30,2.6
13.6,3.30,2.6
13.6,3.30,2.6
13.6,3.30,2.6
13.6,3.30,2.6
13.6,3.30,2.6
13.7,3.30,2.6
13.7,3.30,2.6
13.7,3.30,2.6
13.7,3.30,2.6
13.7,3.30,2.6
13.8,3.30,2.6
13.8,3.30,2.6
13.8,3.30,2.6
13.8,3.30,2.6
13.8,3.30,2.6
13.9,3.30,2.6
13.9,3.30,2.6
13.9,3.30,2.7
13.9,3.30,2.7
13.9,3.30,2.7
14.0,3.30,2.7
14.0,3.30,2.7
14.0,3.30,2.7
14.0,3.30,2.7
14.0,3.30,2.7
14.1,3.30,2.7
14.1,3.30,2.7
14.1,3.30,2.7
14.1,3.30,2.7
14.1,3.30,2.7
14.2,3.30,2.7
14.2,3.30,2.6
14.2,3.30,2.7
14.2,3.30,2.7
14.2,3.30,2.7
14.3,3.30,2.7
14.3,3.30,2.7
14.3,3.30,2.7
14.3,3.30,2.7
14.3,3.30,2.7
14.4,3.30,2.7
14.4,3.30,2.7
14.4,3.30,2.7
14.4,3.30,2.7
14.4,3.30,2.7
14.5,3.30,2.7
14.5,3.30,2.7
14.5,3.30,2.7
14.5,3.30,2.7
14.5,3.30,2.7
14.6,3.30,2.7
14.6,3.30,2.7
14.6,3.30,2.7
14.6,3.30,2.7
14.6,3.30,2.7
14.7,3.30,2.7
14.7,3.30,2.7
14.7,3.30,2.7
14.7,3.30,2.7
14.7,3.30,2.7
14.8,3.30,2.7
14.8,3.30,2.7
14.8,3.30,2.7
14.8,3.30,2.7
14.8,3.30,2.7
14.9,3.30,2.7
14.9,3.30,2.7
14.9,3.30,2.7
14.9,3.30,2.7
14.9,3.30,2.7
15.0,3.30,2.7
15.0,3.30,2.7
15.0,3.30,2.7
15.0,3.30,2.7
15.0,3.30,2.7
15.1,3.30,2.7
15.1,3.30,2.7
15.1,3.30,2.7
15.1,3.30,2.7
15.1,3.30,2.7
15.2,3.30,2.7
15.2,3.30,2.7
15.2,3.30,2.7
15.2,3.30,2.7
15.2,3.30,2.7
15.3,3.30,2.7
15.3,3.30,2.7
15.3,3.30,2.7
15.3,3.30,2.7
15.3,3.30,2.7
15.4,3.30,2.7
15.4,3.30,2.7
15.4,3.30,2.7
15.4,3.30,2.7
15.4,3.30,2.7
15.5,3.30,2.7
15.5,3.30,2.7
15.5,3.30,2.7
15.5,3.30,2.7
15.5,3.30,2.7
15.6,3.30,2.7
15.6,3.30,2.7
15.6,3.30,2.7
15.6,3.30,2.7
15.6,3.30,2.7
15.7,3.30,2.7
15.7,3.30,2.7
15.7,3.30,2.7
15.7,3.30,2.7
15.7,3.30,2.7
15.8,3.30,2.7
15.8,3.30,2.7
15.8,3.30,2.7
15.8,3.30,2.7
15.8,3.30,2.7
15.9,3.30,2.7
15.9,3.30,2.7
15.9,3.30,2.7
15.9,3.30,2.7
15.9,3.30,2.7
16.0,3.30,2.7
16.0,3.30,2.7
16.0,3.30,2.7
16.0,3.30,2.7
16.0,3.30,2.7
16.1,3.30,2.7
16.1,3.30,2.8
16.1,3.30,2.8
16.1,3.30,2.8
16.1,3.30,2.8
16.2,3.30,2.8
16.2,3.30,2.7
16.2,3.30,2.8
16.2,3.30,2.8
16.2,3.30,2.8
16.3,3.30,2.8
16.3,3.30,2.8
16.3,3.30,2.8
16.3,3.30,2.8
16.3,3.30,2.8
16.4,3.30,2.8
16.4,3.30,2.8
16.4,3.30,2.8
16.4,3.30,2.8
16.4,3.30,2.8
16.5,3.30,2.8
16.5,3.30,2.8
16.5,3.30,2.8
16.5,3.30,2.8
16.5,3.30,2.8
16.6,3.30,2.8
16.6,3.30,2.8
16.6,3.30,2.8
16.6,3.30,2.8
16.6,3.30,2.8
16.7,3.30,2.8
16.7,3.30,2.8
16.7,3.30,2.8
16.7,3.30,2.8
16.7,3.30,2.8
16.8,3.30,2.8
16.8,3.30,2.8
16.8,3.30,2.8
16.8,3.30,2.8
16.8,3.30,2.8
16.9,3.30,2.8
16.9,3.30,2.8
16.9,3.30,2.8
16.9,3.30,2.8
16.9,3.30,2.8
17.0,3.30,2.8
17.0,3.30,2.8
17.0,3.30,2.8
17.0,3.30,2.8
17.0,3.30,2.8
17.1,3.30,2.8
17.1,3.30,2.8
17.1,3.30,2.8
17.1,3.30,2.8
17.1,3.30,2.8
17.2,3.30,2.8
17.2,3.30,2.8
17.2,3.30,2.8
17.2,3.30,2.8
17.2,3.30,2.8
17.3,3.30,2.8
17.3,3.30,2.8
17.3,3.30,2.8
17.3,3.30,2.8
17.3,3.30,2.8
17.4,3.30,2.8
17.4,3.30,2.8
17.4,3.30,2.8
17.4,3.30,2.8
17.4,3.30,2.8
17.5,3.30,2.8
17.5,3.30,2.8
17.5,3.30,2.8
17.5,3.30,2.8
17.5,3.30,2.8
17.6,3.30,2.8
17.6,3.30,2.8
17.6,3.30,2.8
17.6,3.30,2.8
17.6,3.30,2.8
17.7,3.30,2.8
17.7,3.30,2.8
17.7,3.30,2.8
17.7,3.30,2.8
17.7,3.30,2.8
17.8,3.30,2.8
17.8,3.30,2.8
17.8,3.30,2.8
17.8,3.30,2.8
17.8,3.30,2.8
17.9,3.30,2.8
17.9,3.30,2.8
17.9,3.30,2.8
17.9,3.30,2.8
17.9,3.30,2.8
18.0,3.30,2.8
18.0,3.30,2.8
18.0,3.30,2.8
18.0,3.30,2.8
18.0,3.30,2.8
18.1,3.30,2.8
18.1,3.30,2.8
18.1,3.30,2.8
18.1,3.30,2.8
18.1,3.30,2.8
18.2,3.30,2.8
18.2,3.30,2.8
18.2,3.30,2.8
18.2,3.30,2.8
18.2,3.30,2.8
18.3,3.30,2.8
18.3,3.30,2.8
18.3,3.30,2.8
18.3,3.30,2.8
18.3,3.30,2.8
18.4,3.30,2.8
18.4,3.30,2.8
18.4,3.30,2.9
18.4,3.30,2.8
18.4,3.30,2.8
18.5,3.30,2.8
18.5,3.30,2.8
18.5,3.30,2.8
18.5,3.30,2.9
18.5,3.30,2.9
18.6,3.30,2.9
18.6,3.30,2.9
18.6,3.30,2.9
18.6,3.30,2.9
18.6,3.30,2.9
18.7,3.30,2.9
18.7,3.30,2.9
18.7,3.30,2.9
18.7,3.30,2.9
18.7,3.30,2.9
18.8,3.30,2.9
18.8,3.30,2.9
18.8,3.30,2.9
18.8,3.30,2.9
18.8,3.30,2.9
18.9,3.30,2.9
18.9,3.30,2.9
18.9,3.30,2.9
18.9,3.30,2.9
18.9,3.30,2.8
19.0,3.30,2.8
19.0,3.30,2.9
19.0,3.30,2.9
19.0,3.30,2.9
19.0,3.30,2.9
19.1,3.30,2.9
19.1,3.30,2.9
19.1,3.30,2.9
19.1,3.30,2.9
19.1,3.30,2.9
19.2,3.30,2.9
19.2,3.30,2.9
19.2,3.30,2.9
19.2,3.30,2.9
19.2,3.30,2.9
19.3,3.30,2.9
19.3,3.30,2.9
19.3,3.30,2.9
19.3,3.30,2.9
19.3,3.30,2.9
19.4,3.30,2.9
19.4,3.30,2.9
19.4,3.30,2.9
19.4,3.30,2.9
19.4,3.30,2.9
19.5,3.30,2.9
19.5,3.30,2.9
19.5,3.30,2.9
19.5,3.30,2.9
19.5,3.30,2.9
19.6,3.30,2.9
19.6,3.30,2.9
19.6,3.30,2.9
19.6,3.30,2.9
19.6,3.30,2.9
19.7,3.30,2.9
19.7,3.30,2.9
19.7,3.30,2.9
19.7,3.30,2.9
19.7,3.30,2.9
19.8,3.30,2.9
19.8,3.30,2.9
19.8,3.30,2.9
19.8,3.30,2.9
19.8,3.30,2.9
19.9,3.30,2.9
19.9,3.30,2.9
19.9,3.30,2.9
19.9,3.30,2.9
19.9,3.30,2.9
20.0,3.30,2.9
20.0,3.30,2.9
20.0,3.30,2.9
20.0,3.30,2.9
20.0,3.30,2.9
20.1,3.30,2.9
20.1,3.30,2.9
20.1,3.30,2.9
20.1,3.30,2.9
20.1,3.30,2.9
20.2,3.30,2.9
20.2,3.30,2.9
20.2,3.30,2.9
20.2,3.30,2.9
20.2,3.30,2.9
20.3,3.30,2.9
20.3,3.30,2.9
20.3,3.30,2.9
20.3,3.30,2.9
20.3,3.30,2.9
20.4,3.30,2.9
20.4,3.30,2.9
20.4,3.30,2.9
20.4,3.30,2.9
20.4,3.30,2.9
20.5,3.30,2.9
20.5,3.30,2.9
20.5,3.30,2.9
20.5,3.30,2.9
20.5,3.30,2.9
20.6,3.30,2.9
20.6,3.30,2.9
20.6,3.30,2.9
20.6,3.30,2.9
20.6,3.30,2.9
20.7,3.30,2.9
20.7,3.30,2.9
20.7,3.30,2.9
20.7,3.30,2.9
20.7,3.30,2.9
20.8,3.30,2.9
20.8,3.30,2.9
20.8,3.30,2.9
20.8,3.30,2.9
20.8,3.30,3.0
20.9,3.30,3.0
20.9,3.30,2.9
20.9,3.30,3.0
20.9,3.30,2.9
20.9,3.30,3.0
21.0,3.30,3.0
21.0,3.30,3.0
21.0,3.30,3.0
21.0,3.30,3.0
21.0,3.30,3.0
21.1,3.30,2.9
21.1,3.30,3.0
21.1,3.30,3.0
21.1,3.30,3.0
21.1,3.30,3.0
21.2,3.30,3.0
21.2,3.30,3.0
21.2,3.30,3.0
21.2,3.30,3.0
21.2,3.30,3.0
21.3,3.30,3.0
21.3,3.30,3.0
21.3,3.30,3.0
21.3,3.30,3.0
21.3,3.30,3.0
21.4,3.30,3.0
21.4,3.30,3.0
21.4,3.30,3.0
21.4,3.30,3.0
21.4,3.30,3.0
21.5,3.30,3.0
21.5,3.30,3.0
21.5,3.30,3.0
21.5,3.30,3.0
21.5,3.30,3.0
21.6,3.30,3.0
21.6,3.30,3.0
21.6,3.30,3.0
21.6,3.30,3.0
21.6,3.30,3.0
21.7,3.30,3.0
21.7,3.30,3.0
21.7,3.30,3.0
21.7,3.30,3.0
21.7,3.30,3.0
21.8,3.30,3.0
21.8,3.30,3.0
21.8,3.30,3.0
21.8,3.30,3.0
21.8,3.30,3.0
21.9,3.30,3.0
21.9,3.30,3.0
21.9,3.30,3.0
21.9,3.30,3.0
21.9,3.30,3.0
22.0,3.30,3.0
22.0,3.30,3.0
22.0,3.30,3.0
22.0,3.30,3.0
22.0,3.30,3.0
22.1,3.30,3.0
22.1,3.30,3.0
22.1,3.30,3.0
22.1,3.30,3.0
22.1,3.30,3.0
22.2,3.30,3.0
22.2,3.30,3.0
22.2,3.30,3.0
22.2,3.30,3.0
22.2,3.30,3.0
22.3,3.30,3.0
22.3,3.30,3.0
22.3,3.30,3.0
22.3,3.30,3.0
22.3,3.30,3.0
22.4,3.30,3.0
22.4,3.30,3.0
22.4,3.30,3.0
22.4,3.30,3.0
22.4,3.30,3.0
22.5,3.30,3.0
22.5,3.30,3.0
22.5,3.30,3.0
22.5,3.30,3.0
22.5,3.30,3.0
22.6,3.30,3.0
22.6,3.30,3.0
22.6,3.30,3.0
22.6,3.30,3.0
22.6,3.30,3.0
22.7,3.30,3.0
22.7,3.30,3.0
22.7,3.30,3.0
22.7,3.30,3.0
22.7,3.30,3.0
22.8,3.30,3.0
22.8,3.30,3.0
22.8,3.30,3.0
22.8,3.30,3.0
22.8,3.30,3.0
22.9,3.30,3.0
22.9,3.30,3.0
22.9,3.30,3.0
22.9,3.30,3.0
22.9,3.30,3.0
23.0,3.30,3.0
23.0,3.30,3.0
23.0,3.30,3.0
23.0,3.30,3.0
23.0,3.30,3.0
23.1,3.30,3.0
23.1,3.30,3.0
23.1,3.30,3.0
23.1,3.30,3.0
23.1,3.30,3.0
23.2,3.30,3.0
23.2,3.30,3.0
23.2,3.30,3.0
23.2,3.30,3.0
23.2,3.30,3.0
23.3,3.30,3.0
23.3,3.30,3.0
23.3,3.30,3.0
23.3,3.30,3.0
23.3,3.30,3.0
23.4,3.30,3.0
23.4,3.30,3.0
23.4,3.30,3.0
23.4,3.30,3.0
23.4,3.30,3.0
23.5,3.30,3.0
23.5,3.30,3.0
23.5,3.30,3.0
23.5,3.30,3.0
23.5,3.30,3.0
23.6,3.30,3.0
23.6,3.30,3.0
23.6,3.30,3.0
23.6,3.30,3.0
23.6,3.30,3.0
23.7,3.30,3.0
23.7,3.30,3.1
23.7,3.30,3.0
23.7,3.30,3.0
23.7,3.30,3.1
23.8,3.30,3.1
23.8,3.30,3.0
23.8,3.30,3.0
23.8,3.30,3.1
23.8,3.30,3.0
23.9,3.30,3.0
23.9,3.30,3.1
23.9,3.30,3.1
23.9,3.30,3.1
23.9,3.30,3.1
24.0,3.30,3.0
24.0,3.30,3.1
24.0,3.30,3.1
24.0,3.30,3.0
24.0,3.30,3.1
24.1,3.30,3.1
24.1,3.30,3.1
24.1,3.30,3.1
24.1,3.30,3.1
24.1,3.30,3.1
24.2,3.30,3.1
24.2,3.30,3.1
24.2,3.30,3.1
24.2,3.30,3.1
24.2,3.30,3.1
24.3,3.30,3.1
24.3,3.30,3.1
24.3,3.30,3.1
24.3,3.30,3.1
24.3,3.30,3.1
24.4,3.30,3.0
24.4,3.30,3.1
24.4,3.30,3.1
24.4,3.30,3.1
24.4,3.30,3.0
24.5,3.30,3.1
24.5,3.30,3.1
24.5,3.30,3.1
24.5,3.30,3.1
24.5,3.30,3.1
24.6,3.30,3.1
24.6,3.30,3.1
24.6,3.30,3.1
24.6,3.30,3.1
24.6,3.30,3.1
24.7,3.30,3.1
24.7,3.30,3.1
24.7,3.30,3.1
24.7,3.30,3.1
24.7,3.30,3.1
24.8,3.30,3.1
24.8,3.30,3.1
24.8,3.30,3.1
24.8,3.30,3.1
24.8,3.30,3.1
24.9,3.30,3.1
24.9,3.30,3.1
24.9,3.30,3.1
24.9,3.30,3.1
24.9,3.30,3.1
25.0,3.30,3.1
25.0,3.30,3.1
25.0,3.30,3.1
25.0,3.30,3.1
25.0,3.30,3.1
25.1,3.30,3.0
25.1,3.30,3.1
25.1,3.30,3.1
25.1,3.30,3.1
25.1,3.30,3.1
25.2,3.30,3.1
25.2,3.30,3.1
25.2,3.30,3.1
25.2,3.30,3.1
25.2,3.30,3.1
25.3,3.30,3.1
25.3,3.30,3.1
25.3,3.30,3.1
25.3,3.30,3.1
25.3,3.30,3.1
25.4,3.30,3.1
25.4,3.30,3.1
25.4,3.30,3.1
25.4,3.30,3.1
25.4,3.30,3.1
25.5,3.30,3.1
25.5,3.30,3.1
25.5,3.30,3.1
25.5,3.30,3.1
25.5,3.30,3.1
25.6,3.30,3.1
25.6,3.30,3.1
25.6,3.30,3.1
25.6,3.30,3.1
25.6,3.30,3.1
25.7,3.30,3.1
25.7,3.30,3.1
25.7,3.30,3.1
25.7,3.30,3.1
25.7,3.30,3.1
25.8,3.30,3.1
25.8,3.30,3.1
25.8,3.30,3.1
25.8,3.30,3.1
25.8,3.30,3.1
25.9,3.30,3.1
25.9,3.30,3.1
25.9,3.30,3.1
25.9,3.30,3.1
25.9,3.30,3.1
26.0,3.30,3.1
26.0,3.30,3.1
26.0,3.30,3.1
26.0,3.30,3.1
26.0,3.30,3.1
26.1,3.30,3.1
26.1,3.30,3.1
26.1,3.30,3.1
26.1,3.30,3.1
26.1,3.30,3.1
26.2,3.30,3.1
26.2,3.30,3.1
26.2,3.30,3.1
26.2,3.30,3.1
26.2,3.30,3.1
26.3,3.30,3.1
26.3,3.30,3.1
26.3,3.30,3.1
26.3,3.30,3.1
26.3,3.30,3.1
26.4,3.30,3.1
26.4,3.30,3.1
26.4,3.30,3.2
26.4,3.30,3.1
26.4,3.30,3.1
26.5,3.30,3.1
26.5,3.30,3.1
26.5,3.30,3.1
26.5,3.30,3.1
26.5,3.30,3.1
26.6,3.30,3.1
26.6,3.30,3.1
26.6,3.30,3.1
26.6,3.30,3.1
26.6,3.30,3.1
26.7,3.30,3.1
26.7,3.30,3.1
26.7,3.30,3.1
26.7,3.30,3.1
26.7,3.30,3.1
26.8,3.30,3.1
26.8,3.30,3.1
26.8,3.30,3.1
26.8,3.30,3.1
26.8,3.30,3.1
26.9,3.30,3.1
26.9,3.30,3.2
26.9,3.30,3.1
26.9,3.30,3.1
26.9,3.30,3.1
27.0,3.30,3.1
27.0,3.30,3.1
27.0,3.30,3.1
27.0,3.30,3.1
27.0,3.30,3.1
27.1,3.30,3.1
27.1,3.30,3.1
27.1,3.30,3.1
27.1,3.30,3.1
27.1,3.30,3.1
27.2,3.30,3.1
27.2,3.30,3.1
27.2,3.30,3.2
27.2,3.30,3.1
27.2,3.30,3.1
27.3,3.30,3.2
27.3,3.30,3.1
27.3,3.30,3.2
27.3,3.30,3.2
27.3,3.30,3.2
27.4,3.30,3.1
27.4,3.30,3.2
27.4,3.30,3.2
27.4,3.30,3.2
27.4,3.30,3.2
27.5,3.30,3.2
27.5,3.30,3.2
27.5,3.30,3.2
27.5,3.30,3.2
27.5,3.30,3.2
27.6,3.30,3.2
27.6,3.30,3.2
27.6,3.30,3.2
27.6,3.30,3.2
27.6,3.30,3.2
27.7,3.30,3.2
27.7,3.30,3.2
27.7,3.30,3.2
27.7,3.30,3.2
27.7,3.30,3.2
27.8,3.30,3.2
27.8,3.30,3.1
27.8,3.30,3.2
27.8,3.30,3.2
27.8,3.30,3.2
27.9,3.30,3.2
27.9,3.30,3.2
27.9,3.30,3.2
27.9,3.30,3.2
27.9,3.30,3.2
28.0,3.30,3.2
28.0,3.30,3.2
28.0,3.30,3.2
28.0,3.30,3.2
28.0,3.30,3.2
28.1,3.30,3.2
28.1,3.30,3.2
28.1,3.30,3.2
28.1,3.30,3.2
28.1,3.30,3.2
28.2,3.30,3.2
28.2,3.30,3.2
28.2,3.30,3.2
28.2,3.30,3.2
28.2,3.30,3.2
28.3,3.30,3.2
28.3,3.30,3.2
28.3,3.30,3.2
28.3,3.30,3.2
28.3,3.30,3.2
28.4,3.30,3.2
28.4,3.30,3.2
28.4,3.30,3.2
28.4,3.30,3.2
28.4,3.30,3.2
28.5,3.30,3.2
28.5,3.30,3.2
28.5,3.30,3.2
28.5,3.30,3.2
28.5,3.30,3.2
28.6,3.30,3.2
28.6,3.30,3.2
28.6,3.30,3.2
28.6,3.30,3.2
28.6,3.30,3.2
28.7,3.30,3.2
28.7,3.30,3.2
28.7,3.30,3.2
28.7,3.30,3.2
28.7,3.30,3.2
28.8,3.30,3.2
28.8,3.30,3.2
28.8,3.30,3.2
28.8,3.30,3.2
28.8,3.30,3.2
28.9,3.30,3.2
28.9,3.30,3.2
28.9,3.30,3.2
28.9,3.30,3.2
28.9,3.30,3.2
29.0,3.30,3.2
29.0,3.30,3.2
29.0,3.30,3.2
29.0,3.30,3.2
29.0,3.30,3.2
29.1,3.30,3.2
29.1,3.30,3.2
29.1,3.30,3.2
29.1,3.30,3.2
29.1,3.30,3.2
29.2,3.30,3.2
29.2,3.30,3.2
29.2,3.30,3.2
29.2,3.30,3.2
29.2,3.30,3.2
29.3,3.30,3.2
29.3,3.30,3.2
29.3,3.30,3.2
29.3,3.30,3.2
29.3,3.30,3.2
29.4,3.30,3.2
29.4,3.30,3.2
29.4,3.30,3.2
29.4,3.30,3.2
29.4,3.30,3.2
29.5,3.30,3.2
29.5,3.30,3.2
29.5,3.30,3.2
29.5,3.30,3.2
29.5,3.30,3.2
29.6,3.30,3.2
29.6,3.30,3.2
29.6,3.30,3.2
29.6,3.30,3.2
29.6,3.30,3.2
29.7,3.30,3.2
29.7,3.30,3.2
29.7,3.30,3.2
29.7,3.30,3.2
29.7,3.30,3.2
29.8,3.30,3.2
29.8,3.30,3.2
29.8,3.30,3.2
29.8,3.30,3.1
29.8,3.30,3.2
29.9,3.30,3.2
29.9,3.30,3.2
29.9,3.30,3.2
29.9,3.30,3.2
29.9,3.30,3.2
30.0,3.30,3.2
30.0,3.30,3.2
30.0,3.30,3.2
30.0,3.30,3.2
30.0,3.30,3.2
30.1,3.30,3.2
30.1,3.30,3.2
30.1,3.30,3.2
30.1,3.30,3.2
30.1,3.30,3.2
30.2,3.30,3.2
30.2,3.30,3.2
30.2,3.30,3.2
30.2,3.30,3.2
30.2,3.30,3.2
30.3,3.30,3.2
30.3,3.30,3.2
30.3,3.30,3.2
30.3,3.30,3.2
30.3,3.30,3.2
30.4,3.30,3.2
30.4,3.30,3.2
30.4,3.30,3.2
30.4,3.30,3.2
30.4,3.30,3.2
30.5,3.30,3.2
30.5,3.30,3.3
30.5,3.30,3.2
30.5,3.30,3.2
30.5,3.30,3.2
30.6,3.30,3.2
30.6,3.30,3.2
30.6,3.30,3.2
30.6,3.30,3.2
30.6,3.30,3.2
30.7,3.30,3.2
30.7,3.30,3.2
30.7,3.30,3.2
30.7,3.30,3.2
30.7,3.30,3.2
30.8,3.30,3.2
30.8,3.30,3.2
30.8,3.30,3.2
30.8,3.30,3.2
30.8,3.30,3.2
30.9,3.30,3.2
30.9,3.30,3.2
30.9,3.30,3.2
30.9,3.30,3.2
30.9,3.30,3.2
31.0,3.30,3.2
31.0,3.30,3.2
31.0,3.30,3.2
31.0,3.30,3.2
31.0,3.30,3.2
31.1,3.30,3.3
31.1,3.30,3.2
31.1,3.30,3.2
31.1,3.30,3.2
31.1,3.30,3.2
31.2,3.30,3.3
31.2,3.30,3.2
31.2,3.30,3.3
31.2,3.30,3.2
31.2,3.30,3.2
31.3,3.30,3.2
31.3,3.30,3.2
31.3,3.30,3.2
31.3,3.30,3.2
31.3,3.30,3.2
31.4,3.30,3.3
31.4,3.30,3.3
31.4,3.30,3.2
31.4,3.30,3.2
31.4,3.30,3.3
31.5,3.30,3.3
31.5,3.30,3.2
31.5,3.30,3.2
31.5,3.30,3.3
31.5,3.30,3.2
31.6,3.30,3.3
31.6,3.30,3.3
31.6,3.30,3.3
31.6,3.30,3.3
31.6,3.30,3.3
31.7,3.30,3.2
31.7,3.30,3.3
31.7,3.30,3.3
31.7,3.30,3.3
31.7,3.30,3.3
31.8,3.30,3.3
31.8,3.30,3.2
31.8,3.30,3.3
31.8,3.30,3.3
31.8,3.30,3.3
31.9,3.30,3.2
31.9,3.30,3.3
31.9,3.30,3.3
31.9,3.30,3.3
31.9,3.30,3.3
32.0,3.30,3.3
32.0,3.30,3.3
32.0,3.30,3.3
32.0,3.30,3.3
32.0,3.30,3.3
32.1,3.30,3.3
32.1,3.30,3.3
32.1,3.30,3.3
32.1,3.30,3.3
32.1,3.30,3.3
32.2,3.30,3.3
32.2,3.30,3.3
32.2,3.30,3.3
32.2,3.30,3.3
32.2,3.30,3.3
32.3,3.30,3.3
32.3,3.30,3.3
32.3,3.30,3.3
32.3,3.30,3.3
32.3,3.30,3.3
32.4,3.30,3.3
32.4,3.30,3.3
32.4,3.30,3.3
32.4,3.30,3.3
32.4,3.30,3.3
32.5,3.30,3.3
32.5,3.30,3.3
32.5,3.30,3.3
32.5,3.30,3.2
32.5,3.30,3.3
32.6,3.30,3.3
32.6,3.30,3.3
32.6,3.30,3.3
32.6,3.30,3.3
32.6,3.30,3.3
32.7,3.30,3.3
32.7,3.30,3.3
32.7,3.30,3.3
32.7,3.30,3.3
32.7,3.30,3.3
32.8,3.30,3.3
32.8,3.30,3.3
32.8,3.30,3.3
32.8,3.30,3.3
32.8,3.30,3.3
32.9,3.30,3.3
32.9,3.30,3.3
32.9,3.30,3.3
32.9,3.30,3.3
32.9,3.30,3.3
33.0,3.30,3.3
33.0,3.30,3.3
33.0,3.30,3.3
33.0,3.30,3.3
33.0,3.30,3.3
33.1,3.30,3.3
33.1,3.30,3.3
33.1,3.30,3.3
33.1,3.30,3.3
33.1,3.30,3.3
33.2,3.30,3.3
33.2,3.30,3.3
33.2,3.30,3.3
33.2,3.30,3.3
33.2,3.30,3.3
33.3,3.30,3.3
33.3,3.30,3.3
33.3,3.30,3.3
33.3,3.30,3.3
33.3,3.30,3.3
33.4,3.30,3.3
33.4,3.30,3.3
33.4,3.30,3.3
33.4,3.30,3.3
33.4,3.30,3.3
33.5,3.30,3.3
33.5,3.30,3.3
33.5,3.30,3.3
33.5,3.30,3.3
33.5,3.30,3.3
33.6,3.30,3.3
33.6,3.30,3.3
33.6,3.30,3.3
33.6,3.30,3.3
33.6,3.30,3.3
33.7,3.30,3.3
33.7,3.30,3.3
33.7,3.30,3.3
33.7,3.30,3.3
33.7,3.30,3.3
33.8,3.30,3.3
33.8,3.30,3.3
33.8,3.30,3.3
33.8,3.30,3.3
33.8,3.30,3.3
33.9,3.30,3.3
33.9,3.30,3.3
33.9,3.30,3.3
33.9,3.30,3.3
33.9,3.30,3.3
34.0,3.30,3.3
34.0,3.30,3.3
34.0,3.30,3.3
34.0,3.30,3.3
34.0,3.30,3.3
34.1,3.30,3.3
34.1,3.30,3.3
34.1,3.30,3.3
34.1,3.30,3.3
34.1,3.30,3.3
34.2,3.30,3.3
34.2,3.30,3.3
34.2,3.30,3.3
34.2,3.30,3.3
34.2,3.30,3.3
34.3,3.30,3.3
34.3,3.30,3.3
34.3,3.30,3.3
34.3,3.30,3.3
34.3,3.30,3.3
34.4,3.30,3.3
34.4,3.30,3.3
34.4,3.30,3.3
34.4,3.30,3.3
34.4,3.30,3.3
34.5,3.30,3.3
34.5,3.30,3.3
34.5,3.30,3.3
34.5,3.30,3.3
34.5,3.30,3.3
34.6,3.30,3.3
34.6,3.30,3.3
34.6,3.30,3.3
34.6,3.30,3.3
34.6,3.30,3.3
34.7,3.30,3.3
34.7,3.30,3.3
34.7,3.30,3.3
34.7,3.30,3.3
34.7,3.30,3.3
34.8,3.30,3.3
